<?xml version="1.0" encoding="UTF-8"?>
<!-- Generated by org.testng.reporters.JUnitReportReporter -->
<testsuite hostname="LAPTOP-113A42CI" failures="0" tests="1" name="com.magento.testcases.SignInPageTest" time="19.771" errors="0" timestamp="2023-08-16T09:57:24 IST" skipped="0">
  <testcase classname="com.magento.testcases.SignInPageTest" name="validateUserName" time="19.771"/>
</testsuite> <!-- com.magento.testcases.SignInPageTest -->
