<?xml version="1.0" encoding="UTF-8"?>
<!-- Generated by org.testng.reporters.JUnitReportReporter -->
<testsuite hostname="LAPTOP-113A42CI" failures="0" tests="2" name="com.magento.testcases.HomePageTest" time="90.401" errors="0" timestamp="2023-09-04T02:52:47 IST" skipped="0">
  <testcase classname="com.magento.testcases.HomePageTest" name="validateTitle" time="36.554"/>
  <testcase classname="com.magento.testcases.HomePageTest" name="navigateToRegistrationPage" time="53.847"/>
</testsuite> <!-- com.magento.testcases.HomePageTest -->
