<?xml version="1.0" encoding="UTF-8"?>
<!-- Generated by org.testng.reporters.JUnitReportReporter -->
<testsuite hostname="LAPTOP-113A42CI" failures="0" tests="1" name="com.magento.testcases.SignInPageTest" time="84.104" errors="0" timestamp="2023-09-04T02:52:47 IST" skipped="0">
  <testcase classname="com.magento.testcases.SignInPageTest" name="validateUserName" time="84.104"/>
</testsuite> <!-- com.magento.testcases.SignInPageTest -->
