<?xml version="1.0" encoding="UTF-8"?>
<!-- Generated by org.testng.reporters.JUnitReportReporter -->
<testsuite hostname="LAPTOP-113A42CI" failures="0" tests="1" name="com.magento.testcases.RegistrationPageTest" time="16.609" errors="0" timestamp="2023-08-15T21:47:45 IST" skipped="0">
  <testcase classname="com.magento.testcases.RegistrationPageTest" name="registration" time="16.609"/>
</testsuite> <!-- com.magento.testcases.RegistrationPageTest -->
