<?xml version="1.0" encoding="UTF-8"?>
<!-- Generated by org.testng.reporters.JUnitReportReporter -->
<testsuite hostname="LAPTOP-113A42CI" failures="0" tests="2" name="com.magento.testcases.HomePageTest" time="19.430" errors="0" timestamp="2023-08-14T01:06:37 IST" skipped="0">
  <testcase classname="com.magento.testcases.HomePageTest" name="validateTitle" time="10.588"/>
  <testcase classname="com.magento.testcases.HomePageTest" name="navigateToRegistrationPage" time="8.842"/>
</testsuite> <!-- com.magento.testcases.HomePageTest -->
