<?xml version="1.0" encoding="UTF-8"?>
<!-- Generated by org.testng.reporters.JUnitReportReporter -->
<testsuite hostname="LAPTOP-113A42CI" failures="0" tests="1" name="com.magento.testcases.SalePageTest" time="18.277" errors="0" timestamp="2023-08-16T10:25:48 IST" skipped="0">
  <testcase classname="com.magento.testcases.SalePageTest" name="verifyTees" time="18.277"/>
</testsuite> <!-- com.magento.testcases.SalePageTest -->
