<?xml version="1.0" encoding="UTF-8"?>
<!-- Generated by org.testng.reporters.JUnitReportReporter -->
<testsuite hostname="LAPTOP-113A42CI" failures="0" tests="2" name="com.magento.testcases.MyAccountPageTest" time="102.669" errors="0" timestamp="2023-09-04T02:52:47 IST" skipped="0">
  <testcase classname="com.magento.testcases.MyAccountPageTest" name="validateNavUserName" time="29.949"/>
  <testcase classname="com.magento.testcases.MyAccountPageTest" name="validateContactInfo" time="72.720"/>
</testsuite> <!-- com.magento.testcases.MyAccountPageTest -->
