<?xml version="1.0" encoding="UTF-8"?>
<!-- Generated by org.testng.reporters.JUnitReportReporter -->
<testsuite hostname="LAPTOP-113A42CI" failures="0" tests="1" name="com.magento.testcases.MyAccountPageTest" time="19.013" errors="0" timestamp="2023-08-15T22:45:39 IST" skipped="0">
  <testcase classname="com.magento.testcases.MyAccountPageTest" name="validateContactInfo" time="19.013"/>
</testsuite> <!-- com.magento.testcases.MyAccountPageTest -->
